GPU=0 ************************************************************************************

2.00	3.00	0.00	0.00	0.00	0.00	0.00	0.00	
3.00	4.00	0.00	0.00	0.00	0.00	0.00	0.00	
4.00	5.00	0.00	0.00	0.00	0.00	0.00	0.00	
5.00	6.00	0.00	0.00	0.00	0.00	0.00	0.00	
6.00	7.00	0.00	0.00	0.00	0.00	0.00	0.00	
7.00	8.00	0.00	0.00	0.00	0.00	0.00	0.00	
8.00	9.00	0.00	0.00	0.00	0.00	0.00	0.00	
9.00	10.00	0.00	0.00	0.00	0.00	0.00	0.00	

GPU=1 ************************************************************************************

0.00	0.00	4.00	5.00	0.00	0.00	0.00	0.00	
0.00	0.00	5.00	6.00	0.00	0.00	0.00	0.00	
0.00	0.00	6.00	7.00	0.00	0.00	0.00	0.00	
0.00	0.00	7.00	8.00	0.00	0.00	0.00	0.00	
0.00	0.00	8.00	9.00	0.00	0.00	0.00	0.00	
0.00	0.00	9.00	10.00	0.00	0.00	0.00	0.00	
0.00	0.00	10.00	11.00	0.00	0.00	0.00	0.00	
0.00	0.00	11.00	12.00	0.00	0.00	0.00	0.00	

GPU=2 ************************************************************************************

0.00	0.00	0.00	0.00	6.00	7.00	0.00	0.00	
0.00	0.00	0.00	0.00	7.00	8.00	0.00	0.00	
0.00	0.00	0.00	0.00	8.00	9.00	0.00	0.00	
0.00	0.00	0.00	0.00	9.00	10.00	0.00	0.00	
0.00	0.00	0.00	0.00	10.00	11.00	0.00	0.00	
0.00	0.00	0.00	0.00	11.00	12.00	0.00	0.00	
0.00	0.00	0.00	0.00	12.00	13.00	0.00	0.00	
0.00	0.00	0.00	0.00	13.00	14.00	0.00	0.00	

GPU=3 ************************************************************************************

0.00	0.00	0.00	0.00	0.00	0.00	8.00	9.00	
0.00	0.00	0.00	0.00	0.00	0.00	9.00	10.00	
0.00	0.00	0.00	0.00	0.00	0.00	10.00	11.00	
0.00	0.00	0.00	0.00	0.00	0.00	11.00	12.00	
0.00	0.00	0.00	0.00	0.00	0.00	12.00	13.00	
0.00	0.00	0.00	0.00	0.00	0.00	13.00	14.00	
0.00	0.00	0.00	0.00	0.00	0.00	14.00	15.00	
0.00	0.00	0.00	0.00	0.00	0.00	15.00	16.00	

Stencil=0 ************************************************************************************

0.00	0.00	4.00	5.00	0.00	0.00	0.00	0.00	
0.00	0.00	5.00	6.00	0.00	0.00	0.00	0.00	
0.00	0.00	6.00	7.00	0.00	0.00	0.00	0.00	
0.00	0.00	7.00	8.00	0.00	0.00	0.00	0.00	
0.00	0.00	8.00	9.00	0.00	0.00	0.00	0.00	
0.00	0.00	9.00	10.00	0.00	0.00	0.00	0.00	
0.00	0.00	10.00	11.00	0.00	0.00	0.00	0.00	
0.00	0.00	11.00	12.00	0.00	0.00	0.00	0.00	

Stencil=1 ************************************************************************************

0.00	0.00	0.00	0.00	4.00	5.00	0.00	0.00	
0.00	0.00	0.00	0.00	5.00	6.00	0.00	0.00	
0.00	0.00	0.00	0.00	6.00	7.00	0.00	0.00	
0.00	0.00	0.00	0.00	7.00	8.00	0.00	0.00	
0.00	0.00	0.00	0.00	8.00	9.00	0.00	0.00	
0.00	0.00	0.00	0.00	9.00	10.00	0.00	0.00	
0.00	0.00	0.00	0.00	10.00	11.00	0.00	0.00	
0.00	0.00	0.00	0.00	11.00	12.00	0.00	0.00	

Stencil=2 ************************************************************************************

0.00	0.00	0.00	0.00	0.00	0.00	4.00	5.00	
0.00	0.00	0.00	0.00	0.00	0.00	5.00	6.00	
0.00	0.00	0.00	0.00	0.00	0.00	6.00	7.00	
0.00	0.00	0.00	0.00	0.00	0.00	7.00	8.00	
0.00	0.00	0.00	0.00	0.00	0.00	8.00	9.00	
0.00	0.00	0.00	0.00	0.00	0.00	9.00	10.00	
0.00	0.00	0.00	0.00	0.00	0.00	10.00	11.00	
0.00	0.00	0.00	0.00	0.00	0.00	11.00	12.00	

LAPLACIAN ************************************************************************************

0.00	0.00	0.00	0.00	0.00	0.00	0.00	0.00	
0.00	32.00	40.00	46.00	54.00	60.00	68.00	0.00	
0.00	40.00	48.00	54.00	62.00	68.00	76.00	0.00	
0.00	48.00	56.00	62.00	70.00	76.00	84.00	0.00	
0.00	56.00	64.00	70.00	78.00	84.00	92.00	0.00	
0.00	64.00	72.00	78.00	86.00	92.00	100.00	0.00	
0.00	72.00	80.00	86.00	94.00	100.00	108.00	0.00	
0.00	0.00	0.00	0.00	0.00	0.00	0.00	0.00

